WARNING: An illegal reflective access operation has occurred
WARNING: Illegal reflective access by io.netty.util.internal.ReflectionUtil (file:/home/kornelijus/.cache/firebase/emulators/firebase-database-emulator-v4.11.0.jar) to field sun.nio.ch.SelectorImpl.selectedKeys
WARNING: Please consider reporting this to the maintainers of io.netty.util.internal.ReflectionUtil
WARNING: Use --illegal-access=warn to enable warnings of further illegal reflective access operations
WARNING: All illegal access operations will be denied in a future release
11:11:29.270 [NamespaceSystem-akka.actor.default-dispatcher-4] INFO akka.event.slf4j.Slf4jLogger - Slf4jLogger started
11:11:29.391 [main] INFO com.firebase.server.forge.App$ - Listening at 127.0.0.1:9000
11:11:34.677 [NamespaceSystem-akka.actor.default-dispatcher-4] INFO com.firebase.core.namespace.NamespaceActor - georacer-f3502-default-rtdb successfully activated FBKV (SurveyIdle(0)) wait: 102ms, init: 0ms
11:11:34.745 [NamespaceSystem-blocking-namespace-operation-dispatcher-8] INFO com.firebase.core.namespace.StateManager - Namespace georacer-f3502-default-rtdb status Active to Active
11:11:46.245 [FirebaseWorkerPool-1-3] WARN com.firebase.core.persistence.backend.dummy.EmulatorMetadataPersistence - Multiple projectIds are not recommended in single project mode. Requested 
namespace georacer-f3502, but the emulator is configured for georacer-f3502-default-rtdb. To 
opt-out of single project mode add/set the single_project_mode: false property in 
the firebase.json emulators config. 
11:11:46.258 [NamespaceSystem-akka.actor.default-dispatcher-6] INFO com.firebase.core.namespace.NamespaceActor - georacer-f3502 successfully activated FBKV (SurveyIdle(0)) wait: 3ms, init: 0ms
11:12:23.525 [FirebaseWorkerPool-1-4] WARN com.firebase.core.persistence.backend.dummy.EmulatorMetadataPersistence - Multiple projectIds are not recommended in single project mode. Requested 
namespace georacer-f3502-games, but the emulator is configured for georacer-f3502-default-rtdb,georacer-f3502. To 
opt-out of single project mode add/set the single_project_mode: false property in 
the firebase.json emulators config. 
11:12:23.529 [NamespaceSystem-akka.actor.default-dispatcher-6] INFO com.firebase.core.namespace.NamespaceActor - georacer-f3502-games successfully activated FBKV (SurveyIdle(0)) wait: 2ms, init: 0ms
11:14:35.591 [FirebaseWorkerPool-1-3] WARN com.firebase.core.persistence.backend.dummy.EmulatorMetadataPersistence - Multiple projectIds are not recommended in single project mode. Requested 
namespace georacer-f3502-players, but the emulator is configured for georacer-f3502-games,georacer-f3502-default-rtdb,georacer-f3502. To 
opt-out of single project mode add/set the single_project_mode: false property in 
the firebase.json emulators config. 
11:14:35.596 [NamespaceSystem-akka.actor.default-dispatcher-5] INFO com.firebase.core.namespace.NamespaceActor - georacer-f3502-players successfully activated FBKV (SurveyIdle(0)) wait: 2ms, init: 0ms
11:14:49.372 [FirebaseWorkerPool-1-2] WARN com.firebase.core.persistence.backend.dummy.EmulatorMetadataPersistence - Multiple projectIds are not recommended in single project mode. Requested 
namespace georacer-f3502-match-queue, but the emulator is configured for georacer-f3502-games,georacer-f3502-default-rtdb,georacer-f3502-players,georacer-f3502. To 
opt-out of single project mode add/set the single_project_mode: false property in 
the firebase.json emulators config. 
11:14:49.375 [NamespaceSystem-akka.actor.default-dispatcher-4] INFO com.firebase.core.namespace.NamespaceActor - georacer-f3502-match-queue successfully activated FBKV (SurveyIdle(0)) wait: 2ms, init: 0ms
11:38:40.692 [Thread-0] INFO com.firebase.server.forge.App$ - Attempting graceful shutdown.
11:38:41.005 [NamespaceSystem-akka.actor.default-dispatcher-24] INFO com.firebase.core.namespace.Terminator$Terminator - 5 actors left to terminate: georacer-f3502-games, georacer-f3502-match-queue, georacer-f3502, georacer-f3502-players, georacer-f3502-default-rtdb
11:38:41.044 [NamespaceSystem-akka.actor.default-dispatcher-23] INFO com.firebase.core.namespace.NamespaceActor - stopped namespace actor for georacer-f3502-match-queue
11:38:41.051 [NamespaceSystem-akka.actor.default-dispatcher-17] INFO com.firebase.core.namespace.NamespaceActor - stopped namespace actor for georacer-f3502-default-rtdb
11:38:41.051 [NamespaceSystem-akka.actor.default-dispatcher-38] INFO com.firebase.core.namespace.NamespaceActor - stopped namespace actor for georacer-f3502-games
11:38:41.058 [NamespaceSystem-akka.actor.default-dispatcher-11] INFO com.firebase.core.namespace.NamespaceActor - stopped namespace actor for georacer-f3502
11:38:41.058 [NamespaceSystem-akka.actor.default-dispatcher-24] INFO com.firebase.core.namespace.NamespaceActor - stopped namespace actor for georacer-f3502-players
11:38:41.076 [Thread-0] INFO com.firebase.server.forge.App$ - Graceful shutdown complete.
